2025-08-21T15:11:09: Cloudinary config - Cloud Name: dermm8zsk
2025-08-21T15:11:09: Cloudinary config - API Key: Set
2025-08-21T15:11:09: Cloudinary config - API Secret: Set
2025-08-21T15:11:09: Environment check:
2025-08-21T15:11:09: NODE_ENV: production
2025-08-21T15:11:09: PORT: 5000
2025-08-21T15:11:09: MONGODB_URI: Set
2025-08-21T15:11:09: CLOUDINARY_CLOUD_NAME: dermm8zsk
2025-08-21T15:11:09: CLOUDINARY_API_KEY: Set
2025-08-21T15:11:09: CLOUDINARY_API_SECRET: Set
2025-08-21T15:11:09: Attempting to connect to MongoDB...
2025-08-21T15:11:09: MongoDB URI: Set
2025-08-21T15:11:09: Server error: Error: bind EADDRINUSE null:5000
    at listenOnPrimaryHandle (node:net:2021:18)
    at shared (node:internal/cluster/child:157:3)
    at Worker.<anonymous> (node:internal/cluster/child:110:7)
    at process.onInternalMessage (node:internal/cluster/utils:49:5)
    at process.emit (node:events:530:35)
    at emit (node:internal/child_process:949:14)
    at process.processTicksAndRejections (node:internal/process/task_queues:91:21) {
  errno: -4091,
  code: 'EADDRINUSE',
  syscall: 'bind',
  address: null,
  port: 5000
}
2025-08-21T15:11:09: Port is already in use
2025-08-21T15:11:10: MongoDB connected successfully
2025-08-21T15:11:10: MongoDB connection opened
2025-08-21T15:11:39: Startup timeout reached. Server failed to start within 30 seconds.
2025-08-21T15:11:40: Cloudinary config - Cloud Name: dermm8zsk
2025-08-21T15:11:40: Cloudinary config - API Key: Set
2025-08-21T15:11:40: Cloudinary config - API Secret: Set
2025-08-21T15:11:40: Environment check:
2025-08-21T15:11:40: NODE_ENV: production
2025-08-21T15:11:40: PORT: 5000
2025-08-21T15:11:40: MONGODB_URI: Set
2025-08-21T15:11:40: CLOUDINARY_CLOUD_NAME: dermm8zsk
2025-08-21T15:11:40: CLOUDINARY_API_KEY: Set
2025-08-21T15:11:40: CLOUDINARY_API_SECRET: Set
2025-08-21T15:11:40: Attempting to connect to MongoDB...
2025-08-21T15:11:40: MongoDB URI: Set
2025-08-21T15:11:41: Server error: Error: bind EADDRINUSE null:5000
    at listenOnPrimaryHandle (node:net:2021:18)
    at shared (node:internal/cluster/child:157:3)
    at Worker.<anonymous> (node:internal/cluster/child:110:7)
    at process.onInternalMessage (node:internal/cluster/utils:49:5)
    at process.emit (node:events:530:35)
    at emit (node:internal/child_process:949:14)
    at process.processTicksAndRejections (node:internal/process/task_queues:91:21) {
  errno: -4091,
  code: 'EADDRINUSE',
  syscall: 'bind',
  address: null,
  port: 5000
}
2025-08-21T15:11:41: Port is already in use
2025-08-21T15:11:42: MongoDB connected successfully
2025-08-21T15:11:42: MongoDB connection opened
2025-08-21T15:12:11: Startup timeout reached. Server failed to start within 30 seconds.
2025-08-21T15:12:12: Cloudinary config - Cloud Name: dermm8zsk
2025-08-21T15:12:12: Cloudinary config - API Key: Set
2025-08-21T15:12:12: Cloudinary config - API Secret: Set
2025-08-21T15:12:12: Environment check:
2025-08-21T15:12:12: NODE_ENV: production
2025-08-21T15:12:12: PORT: 5000
2025-08-21T15:12:12: MONGODB_URI: Set
2025-08-21T15:12:12: CLOUDINARY_CLOUD_NAME: dermm8zsk
2025-08-21T15:12:12: CLOUDINARY_API_KEY: Set
2025-08-21T15:12:12: CLOUDINARY_API_SECRET: Set
2025-08-21T15:12:12: Attempting to connect to MongoDB...
2025-08-21T15:12:12: MongoDB URI: Set
2025-08-21T15:12:12: Server error: Error: bind EADDRINUSE null:5000
    at listenOnPrimaryHandle (node:net:2021:18)
    at shared (node:internal/cluster/child:157:3)
    at Worker.<anonymous> (node:internal/cluster/child:110:7)
    at process.onInternalMessage (node:internal/cluster/utils:49:5)
    at process.emit (node:events:530:35)
    at emit (node:internal/child_process:949:14)
    at process.processTicksAndRejections (node:internal/process/task_queues:91:21) {
  errno: -4091,
  code: 'EADDRINUSE',
  syscall: 'bind',
  address: null,
  port: 5000
}
2025-08-21T15:12:12: Port is already in use
2025-08-21T15:12:13: MongoDB connected successfully
2025-08-21T15:12:13: MongoDB connection opened
2025-08-21T15:12:42: Startup timeout reached. Server failed to start within 30 seconds.
2025-08-21T15:12:43: Cloudinary config - Cloud Name: dermm8zsk
2025-08-21T15:12:43: Cloudinary config - API Key: Set
2025-08-21T15:12:43: Cloudinary config - API Secret: Set
2025-08-21T15:12:43: Environment check:
2025-08-21T15:12:43: NODE_ENV: production
2025-08-21T15:12:43: PORT: 5000
2025-08-21T15:12:43: MONGODB_URI: Set
2025-08-21T15:12:43: CLOUDINARY_CLOUD_NAME: dermm8zsk
2025-08-21T15:12:43: CLOUDINARY_API_KEY: Set
2025-08-21T15:12:43: CLOUDINARY_API_SECRET: Set
2025-08-21T15:12:43: Attempting to connect to MongoDB...
2025-08-21T15:12:43: MongoDB URI: Set
2025-08-21T15:12:43: Server error: Error: bind EADDRINUSE null:5000
    at listenOnPrimaryHandle (node:net:2021:18)
    at shared (node:internal/cluster/child:157:3)
    at Worker.<anonymous> (node:internal/cluster/child:110:7)
    at process.onInternalMessage (node:internal/cluster/utils:49:5)
    at process.emit (node:events:530:35)
    at emit (node:internal/child_process:949:14)
    at process.processTicksAndRejections (node:internal/process/task_queues:91:21) {
  errno: -4091,
  code: 'EADDRINUSE',
  syscall: 'bind',
  address: null,
  port: 5000
}
2025-08-21T15:12:43: Port is already in use
2025-08-21T15:12:45: MongoDB connected successfully
2025-08-21T15:12:45: MongoDB connection opened
2025-08-21T15:13:13: Startup timeout reached. Server failed to start within 30 seconds.
2025-08-21T15:13:14: Cloudinary config - Cloud Name: dermm8zsk
2025-08-21T15:13:14: Cloudinary config - API Key: Set
2025-08-21T15:13:14: Cloudinary config - API Secret: Set
2025-08-21T15:13:14: Environment check:
2025-08-21T15:13:14: NODE_ENV: production
2025-08-21T15:13:14: PORT: 5000
2025-08-21T15:13:14: MONGODB_URI: Set
2025-08-21T15:13:14: CLOUDINARY_CLOUD_NAME: dermm8zsk
2025-08-21T15:13:14: CLOUDINARY_API_KEY: Set
2025-08-21T15:13:14: CLOUDINARY_API_SECRET: Set
2025-08-21T15:13:14: Attempting to connect to MongoDB...
2025-08-21T15:13:14: MongoDB URI: Set
2025-08-21T15:13:15: Server error: Error: bind EADDRINUSE null:5000
    at listenOnPrimaryHandle (node:net:2021:18)
    at shared (node:internal/cluster/child:157:3)
    at Worker.<anonymous> (node:internal/cluster/child:110:7)
    at process.onInternalMessage (node:internal/cluster/utils:49:5)
    at process.emit (node:events:530:35)
    at emit (node:internal/child_process:949:14)
    at process.processTicksAndRejections (node:internal/process/task_queues:91:21) {
  errno: -4091,
  code: 'EADDRINUSE',
  syscall: 'bind',
  address: null,
  port: 5000
}
2025-08-21T15:13:15: Port is already in use
2025-08-21T15:13:16: MongoDB connected successfully
2025-08-21T15:13:16: MongoDB connection opened
2025-08-21T15:13:45: Startup timeout reached. Server failed to start within 30 seconds.
2025-08-21T15:13:45: Cloudinary config - Cloud Name: dermm8zsk
2025-08-21T15:13:45: Cloudinary config - API Key: Set
2025-08-21T15:13:45: Cloudinary config - API Secret: Set
2025-08-21T15:13:45: Environment check:
2025-08-21T15:13:45: NODE_ENV: production
2025-08-21T15:13:45: PORT: 5000
2025-08-21T15:13:45: MONGODB_URI: Set
2025-08-21T15:13:45: CLOUDINARY_CLOUD_NAME: dermm8zsk
2025-08-21T15:13:45: CLOUDINARY_API_KEY: Set
2025-08-21T15:13:45: CLOUDINARY_API_SECRET: Set
2025-08-21T15:13:45: Attempting to connect to MongoDB...
2025-08-21T15:13:45: MongoDB URI: Set
2025-08-21T15:13:46: Server error: Error: bind EADDRINUSE null:5000
    at listenOnPrimaryHandle (node:net:2021:18)
    at shared (node:internal/cluster/child:157:3)
    at Worker.<anonymous> (node:internal/cluster/child:110:7)
    at process.onInternalMessage (node:internal/cluster/utils:49:5)
    at process.emit (node:events:530:35)
    at emit (node:internal/child_process:949:14)
    at process.processTicksAndRejections (node:internal/process/task_queues:91:21) {
  errno: -4091,
  code: 'EADDRINUSE',
  syscall: 'bind',
  address: null,
  port: 5000
}
2025-08-21T15:13:46: Port is already in use
2025-08-21T15:13:47: MongoDB connected successfully
2025-08-21T15:13:47: MongoDB connection opened
2025-08-21T15:14:16: Startup timeout reached. Server failed to start within 30 seconds.
2025-08-21T15:14:16: Cloudinary config - Cloud Name: dermm8zsk
2025-08-21T15:14:16: Cloudinary config - API Key: Set
2025-08-21T15:14:16: Cloudinary config - API Secret: Set
2025-08-21T15:14:16: Environment check:
2025-08-21T15:14:16: NODE_ENV: production
2025-08-21T15:14:16: PORT: 5000
2025-08-21T15:14:16: MONGODB_URI: Set
2025-08-21T15:14:16: CLOUDINARY_CLOUD_NAME: dermm8zsk
2025-08-21T15:14:16: CLOUDINARY_API_KEY: Set
2025-08-21T15:14:16: CLOUDINARY_API_SECRET: Set
2025-08-21T15:14:16: Attempting to connect to MongoDB...
2025-08-21T15:14:16: MongoDB URI: Set
2025-08-21T15:14:17: Server error: Error: bind EADDRINUSE null:5000
    at listenOnPrimaryHandle (node:net:2021:18)
    at shared (node:internal/cluster/child:157:3)
    at Worker.<anonymous> (node:internal/cluster/child:110:7)
    at process.onInternalMessage (node:internal/cluster/utils:49:5)
    at process.emit (node:events:530:35)
    at emit (node:internal/child_process:949:14)
    at process.processTicksAndRejections (node:internal/process/task_queues:91:21) {
  errno: -4091,
  code: 'EADDRINUSE',
  syscall: 'bind',
  address: null,
  port: 5000
}
2025-08-21T15:14:17: Port is already in use
2025-08-21T15:14:18: MongoDB connected successfully
2025-08-21T15:14:18: MongoDB connection opened
2025-08-21T15:14:47: Startup timeout reached. Server failed to start within 30 seconds.
2025-08-21T15:14:47: Cloudinary config - Cloud Name: dermm8zsk
2025-08-21T15:14:47: Cloudinary config - API Key: Set
2025-08-21T15:14:47: Cloudinary config - API Secret: Set
2025-08-21T15:14:47: Environment check:
2025-08-21T15:14:47: NODE_ENV: production
2025-08-21T15:14:47: PORT: 5000
2025-08-21T15:14:47: MONGODB_URI: Set
2025-08-21T15:14:47: CLOUDINARY_CLOUD_NAME: dermm8zsk
2025-08-21T15:14:47: CLOUDINARY_API_KEY: Set
2025-08-21T15:14:47: CLOUDINARY_API_SECRET: Set
2025-08-21T15:14:47: Attempting to connect to MongoDB...
2025-08-21T15:14:47: MongoDB URI: Set
2025-08-21T15:14:48: Server error: Error: bind EADDRINUSE null:5000
    at listenOnPrimaryHandle (node:net:2021:18)
    at shared (node:internal/cluster/child:157:3)
    at Worker.<anonymous> (node:internal/cluster/child:110:7)
    at process.onInternalMessage (node:internal/cluster/utils:49:5)
    at process.emit (node:events:530:35)
    at emit (node:internal/child_process:949:14)
    at process.processTicksAndRejections (node:internal/process/task_queues:91:21) {
  errno: -4091,
  code: 'EADDRINUSE',
  syscall: 'bind',
  address: null,
  port: 5000
}
2025-08-21T15:14:48: Port is already in use
2025-08-21T15:14:49: MongoDB connected successfully
2025-08-21T15:14:49: MongoDB connection opened
