2025-08-21T15:11:09: Cloudinary config - Cloud Name: dermm8zsk
2025-08-21T15:11:09: Cloudinary config - API Key: Set
2025-08-21T15:11:09: Cloudinary config - API Secret: Set
2025-08-21T15:11:09: Environment check:
2025-08-21T15:11:09: NODE_ENV: production
2025-08-21T15:11:09: PORT: 5000
2025-08-21T15:11:09: MONGODB_URI: Set
2025-08-21T15:11:09: CLOUDINARY_CLOUD_NAME: dermm8zsk
2025-08-21T15:11:09: CLOUDINARY_API_KEY: Set
2025-08-21T15:11:09: CLOUDINARY_API_SECRET: Set
2025-08-21T15:11:09: Attempting to connect to MongoDB...
2025-08-21T15:11:09: MongoDB URI: Set
2025-08-21T15:11:10: MongoDB connected successfully
2025-08-21T15:11:10: MongoDB connection opened
2025-08-21T15:11:40: Cloudinary config - Cloud Name: dermm8zsk
2025-08-21T15:11:40: Cloudinary config - API Key: Set
2025-08-21T15:11:40: Cloudinary config - API Secret: Set
2025-08-21T15:11:40: Environment check:
2025-08-21T15:11:40: NODE_ENV: production
2025-08-21T15:11:40: PORT: 5000
2025-08-21T15:11:40: MONGODB_URI: Set
2025-08-21T15:11:40: CLOUDINARY_CLOUD_NAME: dermm8zsk
2025-08-21T15:11:40: CLOUDINARY_API_KEY: Set
2025-08-21T15:11:40: CLOUDINARY_API_SECRET: Set
2025-08-21T15:11:40: Attempting to connect to MongoDB...
2025-08-21T15:11:40: MongoDB URI: Set
2025-08-21T15:11:42: MongoDB connected successfully
2025-08-21T15:11:42: MongoDB connection opened
2025-08-21T15:12:12: Cloudinary config - Cloud Name: dermm8zsk
2025-08-21T15:12:12: Cloudinary config - API Key: Set
2025-08-21T15:12:12: Cloudinary config - API Secret: Set
2025-08-21T15:12:12: Environment check:
2025-08-21T15:12:12: NODE_ENV: production
2025-08-21T15:12:12: PORT: 5000
2025-08-21T15:12:12: MONGODB_URI: Set
2025-08-21T15:12:12: CLOUDINARY_CLOUD_NAME: dermm8zsk
2025-08-21T15:12:12: CLOUDINARY_API_KEY: Set
2025-08-21T15:12:12: CLOUDINARY_API_SECRET: Set
2025-08-21T15:12:12: Attempting to connect to MongoDB...
2025-08-21T15:12:12: MongoDB URI: Set
2025-08-21T15:12:13: MongoDB connected successfully
2025-08-21T15:12:13: MongoDB connection opened
2025-08-21T15:12:43: Cloudinary config - Cloud Name: dermm8zsk
2025-08-21T15:12:43: Cloudinary config - API Key: Set
2025-08-21T15:12:43: Cloudinary config - API Secret: Set
2025-08-21T15:12:43: Environment check:
2025-08-21T15:12:43: NODE_ENV: production
2025-08-21T15:12:43: PORT: 5000
2025-08-21T15:12:43: MONGODB_URI: Set
2025-08-21T15:12:43: CLOUDINARY_CLOUD_NAME: dermm8zsk
2025-08-21T15:12:43: CLOUDINARY_API_KEY: Set
2025-08-21T15:12:43: CLOUDINARY_API_SECRET: Set
2025-08-21T15:12:43: Attempting to connect to MongoDB...
2025-08-21T15:12:43: MongoDB URI: Set
2025-08-21T15:12:45: MongoDB connected successfully
2025-08-21T15:12:45: MongoDB connection opened
2025-08-21T15:13:14: Cloudinary config - Cloud Name: dermm8zsk
2025-08-21T15:13:14: Cloudinary config - API Key: Set
2025-08-21T15:13:14: Cloudinary config - API Secret: Set
2025-08-21T15:13:14: Environment check:
2025-08-21T15:13:14: NODE_ENV: production
2025-08-21T15:13:14: PORT: 5000
2025-08-21T15:13:14: MONGODB_URI: Set
2025-08-21T15:13:14: CLOUDINARY_CLOUD_NAME: dermm8zsk
2025-08-21T15:13:14: CLOUDINARY_API_KEY: Set
2025-08-21T15:13:14: CLOUDINARY_API_SECRET: Set
2025-08-21T15:13:14: Attempting to connect to MongoDB...
2025-08-21T15:13:14: MongoDB URI: Set
2025-08-21T15:13:16: MongoDB connected successfully
2025-08-21T15:13:16: MongoDB connection opened
